<?xml version="1.0" encoding="UTF-8"?>
<!-- Generated by org.testng.reporters.JUnitReportReporter -->
<testsuite skipped="0" hostname="LAPTOP-7VBCUA20" name="CMD.TC_DW_012" tests="1" failures="0" timestamp="2022-08-02T08:44:35 GMT-08:00" time="0.015" errors="0">
  <testcase name="demo" time="0.015" classname="CMD.TC_DW_012"/>
  <system-out/>
</testsuite> <!-- CMD.TC_DW_012 -->
