<?xml version="1.0" encoding="UTF-8"?>
<!-- Generated by org.testng.reporters.JUnitReportReporter -->
<testsuite skipped="0" hostname="LAPTOP-7VBCUA20" name="Task_3.TC_Task_3_001_Test" tests="1" failures="0" timestamp="2022-08-01T13:56:48 GMT-08:00" time="12.074" errors="0">
  <testcase name="createTask" time="12.074" classname="Task_3.TC_Task_3_001_Test"/>
  <system-out/>
</testsuite> <!-- Task_3.TC_Task_3_001_Test -->
