<?xml version="1.0" encoding="UTF-8"?>
<!-- Generated by org.testng.reporters.JUnitReportReporter -->
<testsuite hostname="LAPTOP-7VBCUA20" failures="0" tests="1" name="Tasks.TC_Tasks_004_Test" time="4.186" errors="0" timestamp="2022-07-29T14:48:40 GMT-08:00" skipped="0">
  <testcase classname="Tasks.TC_Tasks_004_Test" name="createTask" time="4.186"/>
  <system-out/>
</testsuite> <!-- Tasks.TC_Tasks_004_Test -->
