<?xml version="1.0" encoding="UTF-8"?>
<!-- Generated by org.testng.reporters.JUnitReportReporter -->
<testsuite skipped="0" hostname="LAPTOP-7VBCUA20" name="Task_2.TC_Task_2_004_Test" tests="1" failures="0" timestamp="2022-08-01T13:55:19 GMT-08:00" time="4.729" errors="0">
  <testcase name="createTask" time="4.729" classname="Task_2.TC_Task_2_004_Test"/>
  <system-out/>
</testsuite> <!-- Task_2.TC_Task_2_004_Test -->
